 
[26/Mar/2011:21:39:04 +0100] Server.httpServe: START (EventLoopSimple)
[26/Mar/2011:21:40:21 +0100] Server.httpServe: SHUTDOWN
[26/Mar/2011:21:40:21 +0100] Server.httpServe: BACKEND STOPPED
[26/Mar/2011:21:40:22 +0100] Server.httpServe: START (EventLoopSimple)
[26/Mar/2011:21:41:35 +0100] Server.httpServe: SHUTDOWN
[26/Mar/2011:21:41:35 +0100] Server.httpServe: BACKEND STOPPED
[26/Mar/2011:21:41:42 +0100] Server.httpServe: START (EventLoopSimple)
[26/Mar/2011:21:43:01 +0100] Server.httpServe: SHUTDOWN
[26/Mar/2011:21:43:01 +0100] Server.httpServe: BACKEND STOPPED
[26/Mar/2011:21:43:20 +0100] Server.httpServe: START (EventLoopSimple)
[27/Mar/2011:11:01:21 +0200] Server.httpServe: START (EventLoopSimple)
[27/Mar/2011:11:02:53 +0200] Server.httpServe: SHUTDOWN
[27/Mar/2011:11:02:53 +0200] Server.httpServe: BACKEND STOPPED
[27/Mar/2011:11:02:54 +0200] Server.httpServe: START (EventLoopSimple)
[27/Mar/2011:11:26:46 +0200] Server.httpServe: SHUTDOWN
[27/Mar/2011:11:26:46 +0200] Server.httpServe: BACKEND STOPPED
[27/Mar/2011:11:26:48 +0200] Server.httpServe: START (EventLoopSimple)
[27/Mar/2011:11:27:48 +0200] Server.httpServe: SHUTDOWN
[27/Mar/2011:11:27:48 +0200] Server.httpServe: BACKEND STOPPED
[27/Mar/2011:11:27:50 +0200] Server.httpServe: START (EventLoopSimple)
[27/Mar/2011:11:38:39 +0200] Server.httpServe: SHUTDOWN
[27/Mar/2011:11:38:39 +0200] Server.httpServe: BACKEND STOPPED
[27/Mar/2011:11:38:40 +0200] Server.httpServe: START (EventLoopSimple)
[27/Mar/2011:11:41:09 +0200] Server.httpServe: SHUTDOWN
[27/Mar/2011:11:41:09 +0200] Server.httpServe: BACKEND STOPPED
[27/Mar/2011:11:41:11 +0200] Server.httpServe: START (EventLoopSimple)
[27/Mar/2011:11:53:10 +0200] Server.httpServe: SHUTDOWN
[27/Mar/2011:11:53:10 +0200] Server.httpServe: BACKEND STOPPED
[27/Mar/2011:11:53:12 +0200] Server.httpServe: START (EventLoopSimple)
[27/Mar/2011:12:00:17 +0200] Server.httpServe: SHUTDOWN
[27/Mar/2011:12:00:17 +0200] Server.httpServe: BACKEND STOPPED
[27/Mar/2011:12:00:18 +0200] Server.httpServe: START (EventLoopSimple)
[27/Mar/2011:12:06:22 +0200] Server.httpServe: SHUTDOWN
[27/Mar/2011:12:06:22 +0200] Server.httpServe: BACKEND STOPPED
[27/Mar/2011:12:06:23 +0200] Server.httpServe: START (EventLoopSimple)
[27/Mar/2011:12:59:15 +0200] Server.httpServe: SHUTDOWN
[27/Mar/2011:12:59:15 +0200] Server.httpServe: BACKEND STOPPED
[27/Mar/2011:12:59:16 +0200] Server.httpServe: START (EventLoopSimple)
[27/Mar/2011:13:02:18 +0200] Server.httpServe: SHUTDOWN
[27/Mar/2011:13:02:18 +0200] Server.httpServe: BACKEND STOPPED
[27/Mar/2011:13:02:20 +0200] Server.httpServe: START (EventLoopSimple)
[27/Mar/2011:13:03:07 +0200] Server.httpServe: SHUTDOWN
[27/Mar/2011:13:03:07 +0200] Server.httpServe: BACKEND STOPPED
[27/Mar/2011:13:03:08 +0200] Server.httpServe: START (EventLoopSimple)
[27/Mar/2011:13:04:12 +0200] Server.httpServe: SHUTDOWN
[27/Mar/2011:13:04:12 +0200] Server.httpServe: BACKEND STOPPED
[27/Mar/2011:13:04:18 +0200] Server.httpServe: START (EventLoopSimple)
[27/Mar/2011:13:05:25 +0200] Server.httpServe: SHUTDOWN
[27/Mar/2011:13:05:25 +0200] Server.httpServe: BACKEND STOPPED
[27/Mar/2011:13:05:27 +0200] Server.httpServe: START (EventLoopSimple)
[27/Mar/2011:13:06:24 +0200] Server.httpServe: SHUTDOWN
[27/Mar/2011:13:06:24 +0200] Server.httpServe: BACKEND STOPPED
[27/Mar/2011:13:06:26 +0200] Server.httpServe: START (EventLoopSimple)
[27/Mar/2011:13:07:42 +0200] Server.httpServe: SHUTDOWN
[27/Mar/2011:13:07:42 +0200] Server.httpServe: BACKEND STOPPED
[27/Mar/2011:13:07:42 +0200] Server.httpServe: START (EventLoopSimple)
[27/Mar/2011:13:10:58 +0200] Server.httpServe: SHUTDOWN
[27/Mar/2011:13:10:58 +0200] Server.httpServe: BACKEND STOPPED
[27/Mar/2011:13:10:59 +0200] Server.httpServe: START (EventLoopSimple)
[27/Mar/2011:13:15:15 +0200] Server.httpServe: SHUTDOWN
[27/Mar/2011:13:15:15 +0200] Server.httpServe: BACKEND STOPPED
[27/Mar/2011:13:15:17 +0200] Server.httpServe: START (EventLoopSimple)
[27/Mar/2011:13:45:21 +0200] Server.httpServe: SHUTDOWN
[27/Mar/2011:13:45:21 +0200] Server.httpServe: BACKEND STOPPED
[27/Mar/2011:13:45:22 +0200] Server.httpServe: START (EventLoopSimple)
[27/Mar/2011:13:47:28 +0200] Server.httpServe: SHUTDOWN
[27/Mar/2011:13:47:28 +0200] Server.httpServe: BACKEND STOPPED
[27/Mar/2011:13:47:28 +0200] Server.httpServe: START (EventLoopSimple)
[27/Mar/2011:13:55:35 +0200] Server.httpServe: SHUTDOWN
[27/Mar/2011:13:55:35 +0200] Server.httpServe: BACKEND STOPPED
[27/Mar/2011:13:55:36 +0200] Server.httpServe: START (EventLoopSimple)
[27/Mar/2011:14:09:35 +0200] Server.httpServe: SHUTDOWN
[27/Mar/2011:14:09:35 +0200] Server.httpServe: BACKEND STOPPED
[27/Mar/2011:14:09:36 +0200] Server.httpServe: START (EventLoopSimple)
[27/Mar/2011:16:36:35 +0200] Server.httpServe: SHUTDOWN
[27/Mar/2011:16:36:35 +0200] Server.httpServe: BACKEND STOPPED
[27/Mar/2011:16:36:36 +0200] Server.httpServe: START (EventLoopSimple)
[27/Mar/2011:16:37:00 +0200] Server.httpServe: SHUTDOWN
[27/Mar/2011:16:37:00 +0200] Server.httpServe: BACKEND STOPPED
[27/Mar/2011:16:37:00 +0200] Server.httpServe: START (EventLoopSimple)
[27/Mar/2011:16:38:50 +0200] Server.httpServe: SHUTDOWN
[27/Mar/2011:16:38:50 +0200] Server.httpServe: BACKEND STOPPED
[27/Mar/2011:16:39:15 +0200] Server.httpServe: START (EventLoopSimple)
[27/Mar/2011:16:41:02 +0200] Server.httpServe: SHUTDOWN
[27/Mar/2011:16:41:02 +0200] Server.httpServe: BACKEND STOPPED
[27/Mar/2011:16:41:03 +0200] Server.httpServe: START (EventLoopSimple)
[27/Mar/2011:16:41:38 +0200] Server.httpServe: SHUTDOWN
[27/Mar/2011:16:41:38 +0200] Server.httpServe: BACKEND STOPPED
[27/Mar/2011:16:41:38 +0200] Server.httpServe: START (EventLoopSimple)
[27/Mar/2011:16:43:53 +0200] Server.httpServe: SHUTDOWN
[27/Mar/2011:16:43:53 +0200] Server.httpServe: BACKEND STOPPED
[27/Mar/2011:16:43:54 +0200] Server.httpServe: START (EventLoopSimple)
[27/Mar/2011:19:02:29 +0200] Server.httpServe: START (EventLoopSimple)
[27/Mar/2011:21:06:01 +0200] Server.httpServe: SHUTDOWN
[27/Mar/2011:21:06:01 +0200] Server.httpServe: BACKEND STOPPED
[27/Mar/2011:21:06:32 +0200] Server.httpServe: START (EventLoopSimple)
[27/Mar/2011:21:07:47 +0200] Server.httpServe: SHUTDOWN
[27/Mar/2011:21:07:47 +0200] Server.httpServe: BACKEND STOPPED
[27/Mar/2011:21:07:50 +0200] Server.httpServe: START (EventLoopSimple)
[27/Mar/2011:21:09:10 +0200] Server.httpServe: SHUTDOWN
[27/Mar/2011:21:09:10 +0200] Server.httpServe: BACKEND STOPPED
[27/Mar/2011:21:09:10 +0200] Server.httpServe: START (EventLoopSimple)
[27/Mar/2011:21:11:13 +0200] Server.httpServe: SHUTDOWN
[27/Mar/2011:21:11:13 +0200] Server.httpServe: BACKEND STOPPED
[27/Mar/2011:21:11:15 +0200] Server.httpServe: START (EventLoopSimple)
[28/Mar/2011:20:21:17 +0200] Server.httpServe: START (EventLoopSimple)
[28/Mar/2011:20:21:56 +0200] Server.httpServe: SHUTDOWN
[28/Mar/2011:20:21:56 +0200] Server.httpServe: BACKEND STOPPED
[28/Mar/2011:20:21:59 +0200] Server.httpServe: START (EventLoopSimple)
[28/Mar/2011:20:22:35 +0200] Server.httpServe: SHUTDOWN
[28/Mar/2011:20:22:35 +0200] Server.httpServe: BACKEND STOPPED
[28/Mar/2011:20:22:37 +0200] Server.httpServe: START (EventLoopSimple)
[28/Mar/2011:20:23:14 +0200] Server.httpServe: SHUTDOWN
[28/Mar/2011:20:23:14 +0200] Server.httpServe: BACKEND STOPPED
[28/Mar/2011:20:23:16 +0200] Server.httpServe: START (EventLoopSimple)
[28/Mar/2011:20:24:31 +0200] Server.httpServe: SHUTDOWN
[28/Mar/2011:20:24:31 +0200] Server.httpServe: BACKEND STOPPED
[28/Mar/2011:20:24:31 +0200] Server.httpServe: START (EventLoopSimple)
[28/Mar/2011:20:27:37 +0200] Server.httpServe: SHUTDOWN
[28/Mar/2011:20:27:37 +0200] Server.httpServe: BACKEND STOPPED
[28/Mar/2011:20:27:37 +0200] Server.httpServe: START (EventLoopSimple)
[28/Mar/2011:20:29:36 +0200] Server.httpServe: SHUTDOWN
[28/Mar/2011:20:29:36 +0200] Server.httpServe: BACKEND STOPPED
[28/Mar/2011:20:29:38 +0200] Server.httpServe: START (EventLoopSimple)
[28/Mar/2011:21:39:31 +0200] Server.httpServe: SHUTDOWN
[28/Mar/2011:21:39:31 +0200] Server.httpServe: BACKEND STOPPED
[28/Mar/2011:21:39:31 +0200] Server.httpServe: START (EventLoopSimple)
[29/Mar/2011:21:46:55 +0200] Server.httpServe: START (EventLoopSimple)
[29/Mar/2011:21:52:36 +0200] Server.httpServe: SHUTDOWN
[29/Mar/2011:21:52:36 +0200] Server.httpServe: BACKEND STOPPED
[29/Mar/2011:21:52:38 +0200] Server.httpServe: START (EventLoopSimple)
[29/Mar/2011:22:06:21 +0200] Server.httpServe: SHUTDOWN
[29/Mar/2011:22:06:21 +0200] Server.httpServe: BACKEND STOPPED
[29/Mar/2011:22:06:22 +0200] Server.httpServe: START (EventLoopSimple)
[29/Mar/2011:22:08:56 +0200] Server.httpServe: SHUTDOWN
[29/Mar/2011:22:08:56 +0200] Server.httpServe: BACKEND STOPPED
[29/Mar/2011:22:08:57 +0200] Server.httpServe: START (EventLoopSimple)
[09/Apr/2011:10:22:14 +0200] Server.httpServe: START (EventLoopSimple)
[09/Apr/2011:10:34:04 +0200] Server.httpServe: SHUTDOWN
[09/Apr/2011:10:34:04 +0200] Server.httpServe: BACKEND STOPPED
[09/Apr/2011:10:34:06 +0200] Server.httpServe: START (EventLoopSimple)
[09/Apr/2011:10:38:02 +0200] Server.httpServe: SHUTDOWN
[09/Apr/2011:10:38:02 +0200] Server.httpServe: BACKEND STOPPED
[09/Apr/2011:10:38:03 +0200] Server.httpServe: START (EventLoopSimple)
[09/Apr/2011:10:38:25 +0200] Server.httpServe: SHUTDOWN
[09/Apr/2011:10:38:25 +0200] Server.httpServe: BACKEND STOPPED
[09/Apr/2011:10:38:27 +0200] Server.httpServe: START (EventLoopSimple)
[10/Apr/2011:08:22:13 +0200] Server.httpServe: START (EventLoopSimple)
[10/Apr/2011:08:22:20 +0200] Server.httpServe: SHUTDOWN
[10/Apr/2011:08:22:20 +0200] Server.httpServe: BACKEND STOPPED
[10/Apr/2011:08:22:21 +0200] Server.httpServe: START (EventLoopSimple)
[10/Apr/2011:08:25:34 +0200] Server.httpServe: SHUTDOWN
[10/Apr/2011:08:25:34 +0200] Server.httpServe: BACKEND STOPPED
[10/Apr/2011:08:26:01 +0200] Server.httpServe: START (EventLoopSimple)
[10/Apr/2011:08:38:49 +0200] Server.httpServe: SHUTDOWN
[10/Apr/2011:08:38:49 +0200] Server.httpServe: BACKEND STOPPED
[10/Apr/2011:08:38:50 +0200] Server.httpServe: START (EventLoopSimple)
[10/Apr/2011:08:41:52 +0200] Server.httpServe: SHUTDOWN
[10/Apr/2011:08:41:52 +0200] Server.httpServe: BACKEND STOPPED
[10/Apr/2011:08:41:52 +0200] Server.httpServe: START (EventLoopSimple)
[10/Apr/2011:08:42:33 +0200] Server.httpServe: SHUTDOWN
[10/Apr/2011:08:42:33 +0200] Server.httpServe: BACKEND STOPPED
[10/Apr/2011:08:42:38 +0200] Server.httpServe: START (EventLoopSimple)
[10/Apr/2011:08:48:20 +0200] Server.httpServe: SHUTDOWN
[10/Apr/2011:08:48:20 +0200] Server.httpServe: BACKEND STOPPED
[10/Apr/2011:08:48:21 +0200] Server.httpServe: START (EventLoopSimple)
[10/Apr/2011:21:01:51 +0200] Server.httpServe: START (EventLoopSimple)
[10/Apr/2011:21:33:33 +0200] Server.httpServe: SHUTDOWN
[10/Apr/2011:21:33:33 +0200] Server.httpServe: BACKEND STOPPED
[10/Apr/2011:21:33:34 +0200] Server.httpServe: START (EventLoopSimple)
[10/Apr/2011:21:49:28 +0200] Server.httpServe: SHUTDOWN
[10/Apr/2011:21:49:28 +0200] Server.httpServe: BACKEND STOPPED
[10/Apr/2011:21:49:28 +0200] Server.httpServe: START (EventLoopSimple)
[10/Apr/2011:21:56:13 +0200] Server.httpServe: SHUTDOWN
[10/Apr/2011:21:56:13 +0200] Server.httpServe: BACKEND STOPPED
[10/Apr/2011:21:56:15 +0200] Server.httpServe: START (EventLoopSimple)
[10/Apr/2011:21:56:28 +0200] Server.httpServe: SHUTDOWN
[10/Apr/2011:21:56:28 +0200] Server.httpServe: BACKEND STOPPED
[10/Apr/2011:21:56:29 +0200] Server.httpServe: START (EventLoopSimple)
[10/Apr/2011:22:15:48 +0200] Server.httpServe: SHUTDOWN
[10/Apr/2011:22:15:48 +0200] Server.httpServe: BACKEND STOPPED
[10/Apr/2011:22:15:49 +0200] Server.httpServe: START (EventLoopSimple)
[10/Apr/2011:22:17:59 +0200] Server.httpServe: SHUTDOWN
[10/Apr/2011:22:17:59 +0200] Server.httpServe: BACKEND STOPPED
[10/Apr/2011:22:17:59 +0200] Server.httpServe: START (EventLoopSimple)
[11/Apr/2011:13:21:36 +0200] Server.httpServe: START (EventLoopSimple)
[11/Apr/2011:13:23:28 +0200] Server.httpServe: SHUTDOWN
[11/Apr/2011:13:23:28 +0200] Server.httpServe: BACKEND STOPPED
[11/Apr/2011:13:23:29 +0200] Server.httpServe: START (EventLoopSimple)
[11/Apr/2011:16:28:24 +0200] Server.httpServe: SHUTDOWN
[11/Apr/2011:16:28:24 +0200] Server.httpServe: BACKEND STOPPED
[11/Apr/2011:16:28:41 +0200] Server.httpServe: START (EventLoopSimple)
[11/Apr/2011:16:36:04 +0200] Server.httpServe: SHUTDOWN
[11/Apr/2011:16:36:04 +0200] Server.httpServe: BACKEND STOPPED
[11/Apr/2011:16:36:04 +0200] Server.httpServe: START (EventLoopSimple)
[11/Apr/2011:16:37:29 +0200] Server.httpServe: SHUTDOWN
[11/Apr/2011:16:37:29 +0200] Server.httpServe: BACKEND STOPPED
[11/Apr/2011:16:37:30 +0200] Server.httpServe: START (EventLoopSimple)
[11/Apr/2011:16:39:14 +0200] Server.httpServe: SHUTDOWN
[11/Apr/2011:16:39:14 +0200] Server.httpServe: BACKEND STOPPED
[11/Apr/2011:16:39:16 +0200] Server.httpServe: START (EventLoopSimple)
[11/Apr/2011:16:44:57 +0200] Server.httpServe: SHUTDOWN
[11/Apr/2011:16:44:57 +0200] Server.httpServe: BACKEND STOPPED
[11/Apr/2011:16:44:57 +0200] Server.httpServe: START (EventLoopSimple)
[11/Apr/2011:16:45:05 +0200] Server.httpServe: SHUTDOWN
[11/Apr/2011:16:45:05 +0200] Server.httpServe: BACKEND STOPPED
[11/Apr/2011:16:45:06 +0200] Server.httpServe: START (EventLoopSimple)
[11/Apr/2011:16:45:28 +0200] Server.httpServe: SHUTDOWN
[11/Apr/2011:16:45:28 +0200] Server.httpServe: BACKEND STOPPED
[11/Apr/2011:16:45:30 +0200] Server.httpServe: START (EventLoopSimple)
